build/outputs/logs/manifest-merger-debug-report.txt
-- Merging decision tree log ---
manifest
ADDED from diary/code/AndroidManifest.xml:2:1-52:12
INJECTED from diary/code/AndroidManifest.xml:2:1-52:12
INJECTED from diary/code/AndroidManifest.xml:2:1-52:12
MERGED from [com.android.support:appcompat-v7:27.1.1] AndroidManifest.xml:17:1-22:12
MERGED from [com.android.support:support-v4:27.1.1] AndroidManifest.xml:17:1-22:12
MERGED from [com.android.support:support-fragment:27.1.1] AndroidManifest.xml:17:1-22:12
MERGED from [com.android.support:animated-vector-drawable:27.1.1] AndroidManifest.xml:17:1-22:12
MERGED from [com.android.support:support-core-ui:27.1.1] AndroidManifest.xml:17:1-22:12
MERGED from [com.android.support:support-core-utils:27.1.1] AndroidManifest.xml:17:1-22:12
MERGED from [com.android.support:support-vector-drawable:27.1.1] AndroidManifest.xml:17:1-22:12
MERGED from [com.android.support:support-media-compat:27.1.1] AndroidManifest.xml:17:1-22:12
MERGED from [com.android.support:support-compat:27.1.1] AndroidManifest.xml:17:1-22:12
MERGED from [android.arch.lifecycle:livedata-core:1.1.0] AndroidManifest.xml:17:1-22:12
MERGED from [android.arch.lifecycle:viewmodel:1.1.0] AndroidManifest.xml:17:1-22:12
MERGED from [android.arch.lifecycle:runtime:1.1.0] AndroidManifest.xml:17:1-22:12
MERGED from [android.arch.core:runtime:1.1.0] AndroidManifest.xml:17:1-22:12
INJECTED from diary/code/AndroidManifest.xml:2:1-52:12
INJECTED from diary/code/AndroidManifest.xml:2:1-52:12
	package
		ADDED from diary/code/AndroidManifest.xml:3:5-43
	android:versionName
		ADDED from diary/code/AndroidManifest.xml:5:5-30
		INJECTED from diary/code/AndroidManifest.xml
		INJECTED from diary/code/AndroidManifest.xml
	xmlns:android
		ADDED from diary/code/AndroidManifest.xml:2:11-69
	android:versionCode
		ADDED from diary/code/AndroidManifest.xml:4:5-28
		INJECTED from diary/code/AndroidManifest.xml
		INJECTED from diary/code/AndroidManifest.xml
uses-sdk
ADDED from diary/code/AndroidManifest.xml:7:5-9:41
MERGED from [com.android.support:appcompat-v7:27.1.1] AndroidManifest.xml:20:5-44
MERGED from [com.android.support:appcompat-v7:27.1.1] AndroidManifest.xml:20:5-44
MERGED from [com.android.support:support-v4:27.1.1] AndroidManifest.xml:20:5-44
MERGED from [com.android.support:support-v4:27.1.1] AndroidManifest.xml:20:5-44
MERGED from [com.android.support:support-fragment:27.1.1] AndroidManifest.xml:20:5-44
MERGED from [com.android.support:support-fragment:27.1.1] AndroidManifest.xml:20:5-44
MERGED from [com.android.support:animated-vector-drawable:27.1.1] AndroidManifest.xml:20:5-44
MERGED from [com.android.support:animated-vector-drawable:27.1.1] AndroidManifest.xml:20:5-44
MERGED from [com.android.support:support-core-ui:27.1.1] AndroidManifest.xml:20:5-44
MERGED from [com.android.support:support-core-ui:27.1.1] AndroidManifest.xml:20:5-44
MERGED from [com.android.support:support-core-utils:27.1.1] AndroidManifest.xml:20:5-44
MERGED from [com.android.support:support-core-utils:27.1.1] AndroidManifest.xml:20:5-44
MERGED from [com.android.support:support-vector-drawable:27.1.1] AndroidManifest.xml:20:5-44
MERGED from [com.android.support:support-vector-drawable:27.1.1] AndroidManifest.xml:20:5-44
MERGED from [com.android.support:support-media-compat:27.1.1] AndroidManifest.xml:20:5-44
MERGED from [com.android.support:support-media-compat:27.1.1] AndroidManifest.xml:20:5-44
MERGED from [com.android.support:support-compat:27.1.1] AndroidManifest.xml:20:5-44
MERGED from [com.android.support:support-compat:27.1.1] AndroidManifest.xml:20:5-44
MERGED from [android.arch.lifecycle:livedata-core:1.1.0] AndroidManifest.xml:20:5-44
MERGED from [android.arch.lifecycle:livedata-core:1.1.0] AndroidManifest.xml:20:5-44
MERGED from [android.arch.lifecycle:viewmodel:1.1.0] AndroidManifest.xml:20:5-44
MERGED from [android.arch.lifecycle:viewmodel:1.1.0] AndroidManifest.xml:20:5-44
MERGED from [android.arch.lifecycle:runtime:1.1.0] AndroidManifest.xml:20:5-44
MERGED from [android.arch.lifecycle:runtime:1.1.0] AndroidManifest.xml:20:5-44
MERGED from [android.arch.core:runtime:1.1.0] AndroidManifest.xml:20:5-44
MERGED from [android.arch.core:runtime:1.1.0] AndroidManifest.xml:20:5-44
	android:targetSdkVersion
		ADDED from diary/code/AndroidManifest.xml:9:9-38
	android:minSdkVersion
		ADDED from diary/code/AndroidManifest.xml:8:9-35
uses-permission#android.permission.WRITE_EXTERNAL_STORAGE
ADDED from diary/code/AndroidManifest.xml:11:5-81
	android:name
		ADDED from diary/code/AndroidManifest.xml:11:22-78
uses-permission#android.permission.RECEIVE_BOOT_COMPLETED
ADDED from diary/code/AndroidManifest.xml:12:5-81
	android:name
		ADDED from diary/code/AndroidManifest.xml:12:22-78
application
ADDED from diary/code/AndroidManifest.xml:14:5-50:19
	android:label
		ADDED from diary/code/AndroidManifest.xml:17:9-41
	android:icon
		ADDED from diary/code/AndroidManifest.xml:16:9-45
	android:allowBackup
		ADDED from diary/code/AndroidManifest.xml:15:9-35
	android:theme
		ADDED from diary/code/AndroidManifest.xml:18:9-42
activity#org.github.gavrilovaev.diary.MainActivity
ADDED from diary/code/AndroidManifest.xml:20:9-23:20
	android:label
		ADDED from diary/code/AndroidManifest.xml:22:13-45
	android:name
		ADDED from diary/code/AndroidManifest.xml:21:13-69
activity#org.github.gavrilovaev.diary.NewEntryActivity
ADDED from diary/code/AndroidManifest.xml:24:9-29:20
	android:label
		ADDED from diary/code/AndroidManifest.xml:26:13-61
	android:windowSoftInputMode
		ADDED from diary/code/AndroidManifest.xml:28:13-55
	android:theme
		ADDED from diary/code/AndroidManifest.xml:27:13-67
	android:name
		ADDED from diary/code/AndroidManifest.xml:25:13-73
activity#org.github.gavrilovaev.diary.CardActivity
ADDED from diary/code/AndroidManifest.xml:30:9-38:20
	android:label
		ADDED from diary/code/AndroidManifest.xml:32:13-45
	android:name
		ADDED from diary/code/AndroidManifest.xml:31:13-69
intent-filter#action:name:android.intent.action.MAIN+category:name:android.intent.category.LAUNCHER
ADDED from diary/code/AndroidManifest.xml:33:13-37:29
action#android.intent.action.MAIN
ADDED from diary/code/AndroidManifest.xml:34:17-69
	android:name
		ADDED from diary/code/AndroidManifest.xml:34:25-66
category#android.intent.category.LAUNCHER
ADDED from diary/code/AndroidManifest.xml:36:17-77
	android:name
		ADDED from diary/code/AndroidManifest.xml:36:27-74
service#org.github.gavrilovaev.diary.services.NotificationService
ADDED from diary/code/AndroidManifest.xml:40:9-41:19
	android:name
		ADDED from diary/code/AndroidManifest.xml:40:18-90
receiver#org.github.gavrilovaev.diary.services.DiaryServiceStarter
ADDED from diary/code/AndroidManifest.xml:43:9-49:20
	android:enabled
		ADDED from diary/code/AndroidManifest.xml:45:13-35
	android:name
		ADDED from diary/code/AndroidManifest.xml:44:13-85
intent-filter#action:name:android.intent.action.BOOT_COMPLETED
ADDED from diary/code/AndroidManifest.xml:46:13-48:29
action#android.intent.action.BOOT_COMPLETED
ADDED from diary/code/AndroidManifest.xml:47:17-79
	android:name
		ADDED from diary/code/AndroidManifest.xml:47:25-76